<?xml version="1.0" encoding="UTF-8" ?>
<testsuite errors="0" failures="2" hostname="ip-172-31-10-141" name="AdditionTest" skipped="0" tests="3" time="0.085" timestamp="2019-04-29T14:52:17">
  <properties>
    <property name="ant.project.invoked-targets" value="build" />
    <property name="main.build.dir" value="build/main" />
    <property name="java.runtime.name" value="Java(TM) SE Runtime Environment" />
    <property name="sun.boot.library.path" value="/home/tom/jdk1.8.0_211/jre/lib/amd64" />
    <property name="java.vm.version" value="25.211-b12" />
    <property name="ant.library.dir" value="/home/tom/apache-ant-1.10.5/lib" />
    <property name="ant.version" value="Apache Ant(TM) version 1.10.5 compiled on July 10 2018" />
    <property name="ant.java.version" value="1.8" />
    <property name="java.vm.vendor" value="Oracle Corporation" />
    <property name="java.vendor.url" value="http://java.oracle.com/" />
    <property name="path.separator" value=":" />
    <property name="java.vm.name" value="Java HotSpot(TM) 64-Bit Server VM" />
    <property name="file.encoding.pkg" value="sun.io" />
    <property name="sun.java.launcher" value="SUN_STANDARD" />
    <property name="sun.os.patch.level" value="unknown" />
    <property name="java.vm.specification.name" value="Java Virtual Machine Specification" />
    <property name="user.dir" value="/home/tom/unittest" />
    <property name="main.src.dir" value="src/main/java" />
    <property name="java.runtime.version" value="1.8.0_211-b12" />
    <property name="ant.file.junit-example" value="/home/tom/unittest/build.xml" />
    <property name="java.awt.graphicsenv" value="sun.awt.X11GraphicsEnvironment" />
    <property name="basedir" value="/home/tom/unittest" />
    <property name="java.endorsed.dirs" value="/home/tom/jdk1.8.0_211/jre/lib/endorsed" />
    <property name="os.arch" value="amd64" />
    <property name="java.io.tmpdir" value="/tmp" />
    <property name="ant.core.lib" value="/home/tom/apache-ant-1.10.5/lib/ant.jar" />
    <property name="line.separator" value="&#xa;" />
    <property name="java.vm.specification.vendor" value="Oracle Corporation" />
    <property name="os.name" value="Linux" />
    <property name="ant.home" value="/home/tom/apache-ant-1.10.5" />
    <property name="test.src.dir" value="src/test/java" />
    <property name="ant.project.name" value="junit-example" />
    <property name="sun.jnu.encoding" value="UTF-8" />
    <property name="java.library.path" value="/usr/java/packages/lib/amd64:/usr/lib64:/lib64:/lib:/usr/lib" />
    <property name="ant.file.type.junit-example" value="file" />
    <property name="java.class.version" value="52.0" />
    <property name="java.specification.name" value="Java Platform API Specification" />
    <property name="sun.management.compiler" value="HotSpot 64-Bit Tiered Compilers" />
    <property name="os.version" value="4.15.0-1032-aws" />
    <property name="ant.file" value="/home/tom/unittest/build.xml" />
    <property name="user.home" value="/home/tom" />
    <property name="user.timezone" value="" />
    <property name="java.awt.printerjob" value="sun.print.PSPrinterJob" />
    <property name="java.specification.version" value="1.8" />
    <property name="file.encoding" value="UTF-8" />
    <property name="java.class.path" value="/home/tom/unittest/lib/junit-4.12.jar:/home/tom/unittest/lib/hamcrest-core-1.3.jar:/home/tom/unittest/build/main:/home/tom/unittest/build/test:/home/tom/apache-ant-1.10.5/lib/ant-launcher.jar:/home/tom/apache-ant-1.10.5/lib/ant.jar:/home/tom/apache-ant-1.10.5/lib/ant-junit.jar:/home/tom/apache-ant-1.10.5/lib/ant-junit4.jar" />
    <property name="user.name" value="tom" />
    <property name="java.vm.specification.version" value="1.8" />
    <property name="java.home" value="/home/tom/jdk1.8.0_211/jre" />
    <property name="sun.java.command" value="org.apache.tools.ant.taskdefs.optional.junit.JUnitTestRunner AdditionTest skipNonTests=false filtertrace=true haltOnError=false haltOnFailure=true formatter=org.apache.tools.ant.taskdefs.optional.junit.SummaryJUnitResultFormatter showoutput=false outputtoformatters=true logfailedtests=true threadid=0 logtestlistenerevents=false formatter=org.apache.tools.ant.taskdefs.optional.junit.BriefJUnitResultFormatter formatter=org.apache.tools.ant.taskdefs.optional.junit.XMLJUnitResultFormatter,/home/tom/unittest/build/test/reports/TEST-AdditionTest.xml crashfile=/home/tom/unittest/junitvmwatcher711103004632727072.properties propsfile=/home/tom/unittest/junit5064255605369011129.properties" />
    <property name="sun.arch.data.model" value="64" />
    <property name="java.specification.vendor" value="Oracle Corporation" />
    <property name="user.language" value="en" />
    <property name="awt.toolkit" value="sun.awt.X11.XToolkit" />
    <property name="java.vm.info" value="mixed mode" />
    <property name="java.version" value="1.8.0_211" />
    <property name="java.ext.dirs" value="/home/tom/jdk1.8.0_211/jre/lib/ext:/usr/java/packages/lib/ext" />
    <property name="sun.boot.class.path" value="/home/tom/jdk1.8.0_211/jre/lib/resources.jar:/home/tom/jdk1.8.0_211/jre/lib/rt.jar:/home/tom/jdk1.8.0_211/jre/lib/sunrsasign.jar:/home/tom/jdk1.8.0_211/jre/lib/jsse.jar:/home/tom/jdk1.8.0_211/jre/lib/jce.jar:/home/tom/jdk1.8.0_211/jre/lib/charsets.jar:/home/tom/jdk1.8.0_211/jre/lib/jfr.jar:/home/tom/jdk1.8.0_211/jre/classes" />
    <property name="java.vendor" value="Oracle Corporation" />
    <property name="file.separator" value="/" />
    <property name="java.vendor.url.bug" value="http://bugreport.sun.com/bugreport/" />
    <property name="sun.cpu.endian" value="little" />
    <property name="sun.io.unicode.encoding" value="UnicodeLittle" />
    <property name="test.reports.dir" value="build/test/reports" />
    <property name="test.build.dir" value="build/test" />
    <property name="ant.file.type" value="file" />
    <property name="sun.cpu.isalist" value="" />
  </properties>
  <testcase classname="AdditionTest" name="testNum1" time="0.0" />
  <testcase classname="AdditionTest" name="testNum2" time="0.007">
    <failure message="expected:&lt;15&gt; but was:&lt;1&gt;" type="junit.framework.AssertionFailedError">junit.framework.AssertionFailedError: expected:&lt;15&gt; but was:&lt;1&gt;
	at AdditionTest.testNum2(Unknown Source)
</failure>
  </testcase>
  <testcase classname="AdditionTest" name="testGetSum" time="0.004">
    <failure message="expected:&lt;25&gt; but was:&lt;11&gt;" type="junit.framework.AssertionFailedError">junit.framework.AssertionFailedError: expected:&lt;25&gt; but was:&lt;11&gt;
	at AdditionTest.testGetSum(Unknown Source)
</failure>
  </testcase>
  <system-out><![CDATA[]]></system-out>
  <system-err><![CDATA[]]></system-err>
</testsuite>
