<?xml version="1.0" encoding="UTF-8" ?>
<testsuite errors="0" failures="2" hostname="ip-172-31-10-141" name="AdditionTest" skipped="0" tests="3" time="0.085" timestamp="2019-04-29T14:52:17">
  <properties>
[...]
</properties>
  <testcase classname="AdditionTest" name="testNum1" time="0.0" />
  <testcase classname="AdditionTest" name="testNum2" time="0.007">
    <failure message="expected:&lt;15&gt; but was:&lt;1&gt;" type="junit.framework.AssertionFailedError">junit.framework.AssertionFailedError: expected:&lt;15&gt; but was:&lt;1&gt;
	at AdditionTest.testNum2(Unknown Source)
</failure>
  </testcase>
  <testcase classname="AdditionTest" name="testGetSum" time="0.004">
    <failure message="expected:&lt;25&gt; but was:&lt;11&gt;" type="junit.framework.AssertionFailedError">junit.framework.AssertionFailedError: expected:&lt;25&gt; but was:&lt;11&gt;
	at AdditionTest.testGetSum(Unknown Source)
</failure>
  </testcase>
  <system-out><![CDATA[]]></system-out>
  <system-err><![CDATA[]]></system-err>
</testsuite>
